Copyright 1986-2020 Xilinx, Inc. All Rights Reserved.
--------------------------------------------------------------------------------------------------------------------------------------------------------------------------------------------------
| Tool Version : Vivado v.2020.1 (lin64) Build 2902540 Wed May 27 19:54:35 MDT 2020
| Date         : Tue Dec 12 13:25:26 2023
| Host         : linuxvdi-37.ece.iastate.edu running 64-bit Red Hat Enterprise Linux release 8.8 (Ootpa)
| Command      : report_methodology -file redundant_adder_tree_methodology_drc_routed.rpt -pb redundant_adder_tree_methodology_drc_routed.pb -rpx redundant_adder_tree_methodology_drc_routed.rpx
| Design       : redundant_adder_tree
| Device       : xc7vx485tffg1157-1
| Speed File   : -1
| Design State : Fully Routed
--------------------------------------------------------------------------------------------------------------------------------------------------------------------------------------------------

Report Methodology

Table of Contents
-----------------
1. REPORT SUMMARY
2. REPORT DETAILS

1. REPORT SUMMARY
-----------------
            Netlist: netlist
          Floorplan: design_1
      Design limits: <entire design considered>
             Max violations: <unlimited>
             Violations found: 0
+------+----------+-------------+------------+
| Rule | Severity | Description | Violations |
+------+----------+-------------+------------+
+------+----------+-------------+------------+

2. REPORT DETAILS
-----------------

