Copyright 1986-2020 Xilinx, Inc. All Rights Reserved.
--------------------------------------------------------------------------------------------------------------------------------------------------------------------------------------
| Tool Version : Vivado v.2020.1 (lin64) Build 2902540 Wed May 27 19:54:35 MDT 2020
| Date         : Mon Dec 11 14:22:49 2023
| Host         : co1313-03.ece.iastate.edu running 64-bit Red Hat Enterprise Linux release 8.8 (Ootpa)
| Command      : report_methodology -file booth_multiplier_methodology_drc_routed.rpt -pb booth_multiplier_methodology_drc_routed.pb -rpx booth_multiplier_methodology_drc_routed.rpx
| Design       : booth_multiplier
| Device       : xc7vx485tffg1157-1
| Speed File   : -1
| Design State : Fully Routed
--------------------------------------------------------------------------------------------------------------------------------------------------------------------------------------

Report Methodology

Table of Contents
-----------------
1. REPORT SUMMARY
2. REPORT DETAILS

1. REPORT SUMMARY
-----------------
            Netlist: netlist
          Floorplan: design_1
      Design limits: <entire design considered>
             Max violations: <unlimited>
             Violations found: 18
+-----------+----------+-------------------+------------+
| Rule      | Severity | Description       | Violations |
+-----------+----------+-------------------+------------+
| TIMING-20 | Warning  | Non-clocked latch | 18         |
+-----------+----------+-------------------+------------+

2. REPORT DETAILS
-----------------
TIMING-20#1 Warning
Non-clocked latch  
The latch r3_reg[0] cannot be properly analyzed as its control pin r3_reg[0]/G is not reached by a timing clock
Related violations: <none>

TIMING-20#2 Warning
Non-clocked latch  
The latch r3_reg[10] cannot be properly analyzed as its control pin r3_reg[10]/G is not reached by a timing clock
Related violations: <none>

TIMING-20#3 Warning
Non-clocked latch  
The latch r3_reg[11] cannot be properly analyzed as its control pin r3_reg[11]/G is not reached by a timing clock
Related violations: <none>

TIMING-20#4 Warning
Non-clocked latch  
The latch r3_reg[12] cannot be properly analyzed as its control pin r3_reg[12]/G is not reached by a timing clock
Related violations: <none>

TIMING-20#5 Warning
Non-clocked latch  
The latch r3_reg[13] cannot be properly analyzed as its control pin r3_reg[13]/G is not reached by a timing clock
Related violations: <none>

TIMING-20#6 Warning
Non-clocked latch  
The latch r3_reg[14] cannot be properly analyzed as its control pin r3_reg[14]/G is not reached by a timing clock
Related violations: <none>

TIMING-20#7 Warning
Non-clocked latch  
The latch r3_reg[15] cannot be properly analyzed as its control pin r3_reg[15]/G is not reached by a timing clock
Related violations: <none>

TIMING-20#8 Warning
Non-clocked latch  
The latch r3_reg[16] cannot be properly analyzed as its control pin r3_reg[16]/G is not reached by a timing clock
Related violations: <none>

TIMING-20#9 Warning
Non-clocked latch  
The latch r3_reg[17] cannot be properly analyzed as its control pin r3_reg[17]/G is not reached by a timing clock
Related violations: <none>

TIMING-20#10 Warning
Non-clocked latch  
The latch r3_reg[1] cannot be properly analyzed as its control pin r3_reg[1]/G is not reached by a timing clock
Related violations: <none>

TIMING-20#11 Warning
Non-clocked latch  
The latch r3_reg[2] cannot be properly analyzed as its control pin r3_reg[2]/G is not reached by a timing clock
Related violations: <none>

TIMING-20#12 Warning
Non-clocked latch  
The latch r3_reg[3] cannot be properly analyzed as its control pin r3_reg[3]/G is not reached by a timing clock
Related violations: <none>

TIMING-20#13 Warning
Non-clocked latch  
The latch r3_reg[4] cannot be properly analyzed as its control pin r3_reg[4]/G is not reached by a timing clock
Related violations: <none>

TIMING-20#14 Warning
Non-clocked latch  
The latch r3_reg[5] cannot be properly analyzed as its control pin r3_reg[5]/G is not reached by a timing clock
Related violations: <none>

TIMING-20#15 Warning
Non-clocked latch  
The latch r3_reg[6] cannot be properly analyzed as its control pin r3_reg[6]/G is not reached by a timing clock
Related violations: <none>

TIMING-20#16 Warning
Non-clocked latch  
The latch r3_reg[7] cannot be properly analyzed as its control pin r3_reg[7]/G is not reached by a timing clock
Related violations: <none>

TIMING-20#17 Warning
Non-clocked latch  
The latch r3_reg[8] cannot be properly analyzed as its control pin r3_reg[8]/G is not reached by a timing clock
Related violations: <none>

TIMING-20#18 Warning
Non-clocked latch  
The latch r3_reg[9] cannot be properly analyzed as its control pin r3_reg[9]/G is not reached by a timing clock
Related violations: <none>


