#-----------------------------------------------------------
# Vivado v2020.1 (64-bit)
# SW Build 2902540 on Wed May 27 19:54:35 MDT 2020
# IP Build 2902112 on Wed May 27 22:43:36 MDT 2020
# Start of session at: Tue Dec 12 09:42:04 2023
# Process ID: 11234
# Current directory: /home/tjfriedl/Desktop/cpre_487/lab3/cpre487-587-lab3-main
# Command line: vivado
# Log file: /home/tjfriedl/Desktop/cpre_487/lab3/cpre487-587-lab3-main/vivado.log
# Journal file: /home/tjfriedl/Desktop/cpre_487/lab3/cpre487-587-lab3-main/vivado.jou
#-----------------------------------------------------------
start_gui
open_project /home/tjfriedl/Desktop/cpre_487/lab3/cpre487-587-lab3-main/hw/487_final_project/487_final_project.xpr
Scanning sources...
Finished scanning sources
INFO: [IP_Flow 19-234] Refreshing IP repositories
INFO: [IP_Flow 19-1704] No user IP repositories specified
INFO: [IP_Flow 19-2313] Loaded Vivado IP repository '/remote/Xilinx/2020.1/Vivado/2020.1/data/ip'.
WARNING: [IP_Flow 19-3899] Cannot get the environment domain name variable for the component vendor name. Setting the vendor name to 'user.org'.
open_project: Time (s): cpu = 00:00:11 ; elapsed = 00:00:09 . Memory (MB): peak = 7207.152 ; gain = 24.664 ; free physical = 10617 ; free virtual = 21175
update_compile_order -fileset sources_1
reset_run synth_1
launch_runs synth_1 -jobs 4
[Tue Dec 12 09:43:30 2023] Launched synth_1...
Run output will be captured here: /home/tjfriedl/Desktop/cpre_487/lab3/cpre487-587-lab3-main/hw/487_final_project/487_final_project.runs/synth_1/runme.log
launch_runs impl_1 -jobs 4
[Tue Dec 12 09:44:55 2023] Launched impl_1...
Run output will be captured here: /home/tjfriedl/Desktop/cpre_487/lab3/cpre487-587-lab3-main/hw/487_final_project/487_final_project.runs/impl_1/runme.log
open_run impl_1
INFO: [Device 21-403] Loading part xc7vx485tffg1157-1
Netlist sorting complete. Time (s): cpu = 00:00:00 ; elapsed = 00:00:00 . Memory (MB): peak = 7398.301 ; gain = 0.000 ; free physical = 10022 ; free virtual = 20745
INFO: [Project 1-479] Netlist was created with Vivado 2020.1
INFO: [Project 1-570] Preparing netlist for logic optimization
INFO: [Timing 38-478] Restoring timing data from binary archive.
INFO: [Timing 38-479] Binary timing data restore complete.
INFO: [Project 1-856] Restoring constraints from binary archive.
INFO: [Constraints 18-5170] The checkpoint was created with non-default parameter values which do not match the current Vivado settings.  Mismatching parameters are:
  general.maxThreads
INFO: [Project 1-853] Binary constraint restore complete.
Reading XDEF placement.
Reading placer database...
Reading XDEF routing.
Read XDEF File: Time (s): cpu = 00:00:00.03 ; elapsed = 00:00:00.04 . Memory (MB): peak = 8030.887 ; gain = 0.000 ; free physical = 9408 ; free virtual = 20130
Restored from archive | CPU: 0.040000 secs | Memory: 0.047173 MB |
Finished XDEF File Restore: Time (s): cpu = 00:00:00.04 ; elapsed = 00:00:00.04 . Memory (MB): peak = 8030.887 ; gain = 0.000 ; free physical = 9408 ; free virtual = 20130
Netlist sorting complete. Time (s): cpu = 00:00:00 ; elapsed = 00:00:00 . Memory (MB): peak = 8030.887 ; gain = 0.000 ; free physical = 9408 ; free virtual = 20130
INFO: [Project 1-111] Unisim Transformation Summary:
No Unisim elements were transformed.

open_run: Time (s): cpu = 00:00:31 ; elapsed = 00:00:36 . Memory (MB): peak = 8255.949 ; gain = 1007.523 ; free physical = 9293 ; free virtual = 20019
WARNING: [Timing 38-313] There are no user specified timing constraints. Timing constraints are needed for proper timing analysis.
launch_simulation
Command: launch_simulation 
INFO: [Vivado 12-5682] Launching behavioral simulation in '/home/tjfriedl/Desktop/cpre_487/lab3/cpre487-587-lab3-main/hw/487_final_project/487_final_project.sim/sim_1/behav/xsim'
INFO: [SIM-utils-51] Simulation object is 'sim_1'
INFO: [SIM-utils-54] Inspecting design source files for 'tb_redundant_adder_tree' in fileset 'sim_1'...
INFO: [USF-XSim-97] Finding global include files...
INFO: [USF-XSim-98] Fetching design files from 'sim_1'...
INFO: [USF-XSim-2] XSim::Compile design
INFO: [USF-XSim-61] Executing 'COMPILE and ANALYZE' step in '/home/tjfriedl/Desktop/cpre_487/lab3/cpre487-587-lab3-main/hw/487_final_project/487_final_project.sim/sim_1/behav/xsim'
xvhdl --incr --relax -prj tb_redundant_adder_tree_vhdl.prj
INFO: [VRFC 10-163] Analyzing VHDL file "/home/tjfriedl/Desktop/cpre_487/lab3/cpre487-587-lab3-main/hw/487_final_project/487_final_project.srcs/sources_1/new/redundant_adder_tree.vhd" into library xil_defaultlib
INFO: [VRFC 10-3107] analyzing entity 'redundant_adder_tree'
INFO: [VRFC 10-163] Analyzing VHDL file "/home/tjfriedl/Desktop/cpre_487/lab3/cpre487-587-lab3-main/hw/487_final_project/487_final_project.srcs/sources_1/new/tb_redundant_adder_tree.vhd" into library xil_defaultlib
INFO: [VRFC 10-3107] analyzing entity 'tb_redundant_adder_tree'
INFO: [USF-XSim-69] 'compile' step finished in '2' seconds
INFO: [USF-XSim-3] XSim::Elaborate design
INFO: [USF-XSim-61] Executing 'ELABORATE' step in '/home/tjfriedl/Desktop/cpre_487/lab3/cpre487-587-lab3-main/hw/487_final_project/487_final_project.sim/sim_1/behav/xsim'
xelab -wto 73c4b297a91b4849a59d673faacfec88 --incr --debug typical --relax --mt 8 -L xil_defaultlib -L secureip --snapshot tb_redundant_adder_tree_behav xil_defaultlib.tb_redundant_adder_tree -log elaborate.log
Vivado Simulator 2020.1
Copyright 1986-1999, 2001-2020 Xilinx, Inc. All Rights Reserved.
Running: /remote/Xilinx/2020.1/Vivado/2020.1/bin/unwrapped/lnx64.o/xelab -wto 73c4b297a91b4849a59d673faacfec88 --incr --debug typical --relax --mt 8 -L xil_defaultlib -L secureip --snapshot tb_redundant_adder_tree_behav xil_defaultlib.tb_redundant_adder_tree -log elaborate.log 
Using 8 slave threads.
Starting static elaboration
Completed static elaboration
Starting simulation data flow analysis
Completed simulation data flow analysis
Time Resolution for simulation is 1ps
Compiling package std.standard
Compiling package std.textio
Compiling package ieee.std_logic_1164
Compiling package ieee.std_logic_arith
Compiling package ieee.std_logic_unsigned
Compiling architecture behavioral of entity xil_defaultlib.adder_cell [adder_cell_default]
Compiling architecture behavioral of entity xil_defaultlib.redundant_adder_tree [redundant_adder_tree_default]
Compiling architecture behavior of entity xil_defaultlib.tb_redundant_adder_tree
Built simulation snapshot tb_redundant_adder_tree_behav

****** Webtalk v2020.1 (64-bit)
  **** SW Build 2902540 on Wed May 27 19:54:35 MDT 2020
  **** IP Build 2902112 on Wed May 27 22:43:36 MDT 2020
    ** Copyright 1986-2020 Xilinx, Inc. All Rights Reserved.

source /home/tjfriedl/Desktop/cpre_487/lab3/cpre487-587-lab3-main/hw/487_final_project/487_final_project.sim/sim_1/behav/xsim/xsim.dir/tb_redundant_adder_tree_behav/webtalk/xsim_webtalk.tcl -notrace
INFO: [Common 17-206] Exiting Webtalk at Tue Dec 12 09:48:20 2023...
INFO: [USF-XSim-69] 'elaborate' step finished in '4' seconds
INFO: [USF-XSim-4] XSim::Simulate design
INFO: [USF-XSim-61] Executing 'SIMULATE' step in '/home/tjfriedl/Desktop/cpre_487/lab3/cpre487-587-lab3-main/hw/487_final_project/487_final_project.sim/sim_1/behav/xsim'
INFO: [USF-XSim-98] *** Running xsim
   with args "tb_redundant_adder_tree_behav -key {Behavioral:sim_1:Functional:tb_redundant_adder_tree} -tclbatch {tb_redundant_adder_tree.tcl} -log {simulate.log}"
INFO: [USF-XSim-8] Loading simulator feature
Vivado Simulator 2020.1
Time resolution is 1 ps
source tb_redundant_adder_tree.tcl
# set curr_wave [current_wave_config]
# if { [string length $curr_wave] == 0 } {
#   if { [llength [get_objects]] > 0} {
#     add_wave /
#     set_property needs_save false [current_wave_config]
#   } else {
#      send_msg_id Add_Wave-1 WARNING "No top level signals found. Simulator will start without a wave window. If you want to open a wave window go to 'File->New Waveform Configuration' or type 'create_wave_config' in the TCL console."
#   }
# }
# run 1000ns
INFO: [USF-XSim-96] XSim completed. Design snapshot 'tb_redundant_adder_tree_behav' loaded.
INFO: [USF-XSim-97] XSim simulation ran for 1000ns
launch_simulation: Time (s): cpu = 00:00:14 ; elapsed = 00:00:11 . Memory (MB): peak = 8298.539 ; gain = 42.590 ; free physical = 9056 ; free virtual = 19915
close_sim
INFO: [Simtcl 6-16] Simulation closed
launch_simulation
Command: launch_simulation 
INFO: [Vivado 12-5682] Launching behavioral simulation in '/home/tjfriedl/Desktop/cpre_487/lab3/cpre487-587-lab3-main/hw/487_final_project/487_final_project.sim/sim_1/behav/xsim'
INFO: [SIM-utils-51] Simulation object is 'sim_1'
INFO: [SIM-utils-54] Inspecting design source files for 'tb_redundant_adder_tree' in fileset 'sim_1'...
INFO: [USF-XSim-97] Finding global include files...
INFO: [USF-XSim-98] Fetching design files from 'sim_1'...
INFO: [USF-XSim-2] XSim::Compile design
INFO: [USF-XSim-61] Executing 'COMPILE and ANALYZE' step in '/home/tjfriedl/Desktop/cpre_487/lab3/cpre487-587-lab3-main/hw/487_final_project/487_final_project.sim/sim_1/behav/xsim'
xvhdl --incr --relax -prj tb_redundant_adder_tree_vhdl.prj
INFO: [VRFC 10-163] Analyzing VHDL file "/home/tjfriedl/Desktop/cpre_487/lab3/cpre487-587-lab3-main/hw/487_final_project/487_final_project.srcs/sources_1/new/tb_redundant_adder_tree.vhd" into library xil_defaultlib
INFO: [VRFC 10-3107] analyzing entity 'tb_redundant_adder_tree'
INFO: [USF-XSim-69] 'compile' step finished in '1' seconds
INFO: [USF-XSim-3] XSim::Elaborate design
INFO: [USF-XSim-61] Executing 'ELABORATE' step in '/home/tjfriedl/Desktop/cpre_487/lab3/cpre487-587-lab3-main/hw/487_final_project/487_final_project.sim/sim_1/behav/xsim'
xelab -wto 73c4b297a91b4849a59d673faacfec88 --incr --debug typical --relax --mt 8 -L xil_defaultlib -L secureip --snapshot tb_redundant_adder_tree_behav xil_defaultlib.tb_redundant_adder_tree -log elaborate.log
Vivado Simulator 2020.1
Copyright 1986-1999, 2001-2020 Xilinx, Inc. All Rights Reserved.
Running: /remote/Xilinx/2020.1/Vivado/2020.1/bin/unwrapped/lnx64.o/xelab -wto 73c4b297a91b4849a59d673faacfec88 --incr --debug typical --relax --mt 8 -L xil_defaultlib -L secureip --snapshot tb_redundant_adder_tree_behav xil_defaultlib.tb_redundant_adder_tree -log elaborate.log 
Using 8 slave threads.
Starting static elaboration
Completed static elaboration
Starting simulation data flow analysis
Completed simulation data flow analysis
Time Resolution for simulation is 1ps
Compiling package std.standard
Compiling package std.textio
Compiling package ieee.std_logic_1164
Compiling package ieee.std_logic_arith
Compiling package ieee.std_logic_unsigned
Compiling architecture behavioral of entity xil_defaultlib.adder_cell [adder_cell_default]
Compiling architecture behavioral of entity xil_defaultlib.redundant_adder_tree [redundant_adder_tree_default]
Compiling architecture behavior of entity xil_defaultlib.tb_redundant_adder_tree
Built simulation snapshot tb_redundant_adder_tree_behav
INFO: [USF-XSim-69] 'elaborate' step finished in '2' seconds
INFO: [USF-XSim-4] XSim::Simulate design
INFO: [USF-XSim-61] Executing 'SIMULATE' step in '/home/tjfriedl/Desktop/cpre_487/lab3/cpre487-587-lab3-main/hw/487_final_project/487_final_project.sim/sim_1/behav/xsim'
INFO: [USF-XSim-98] *** Running xsim
   with args "tb_redundant_adder_tree_behav -key {Behavioral:sim_1:Functional:tb_redundant_adder_tree} -tclbatch {tb_redundant_adder_tree.tcl} -log {simulate.log}"
INFO: [USF-XSim-8] Loading simulator feature
Vivado Simulator 2020.1
Time resolution is 1 ps
source tb_redundant_adder_tree.tcl
# set curr_wave [current_wave_config]
# if { [string length $curr_wave] == 0 } {
#   if { [llength [get_objects]] > 0} {
#     add_wave /
#     set_property needs_save false [current_wave_config]
#   } else {
#      send_msg_id Add_Wave-1 WARNING "No top level signals found. Simulator will start without a wave window. If you want to open a wave window go to 'File->New Waveform Configuration' or type 'create_wave_config' in the TCL console."
#   }
# }
# run 1000ns
INFO: [USF-XSim-96] XSim completed. Design snapshot 'tb_redundant_adder_tree_behav' loaded.
INFO: [USF-XSim-97] XSim simulation ran for 1000ns
launch_simulation: Time (s): cpu = 00:00:07 ; elapsed = 00:00:07 . Memory (MB): peak = 8319.547 ; gain = 21.008 ; free physical = 9023 ; free virtual = 19883
close_sim
INFO: [Simtcl 6-16] Simulation closed
launch_simulation
Command: launch_simulation 
INFO: [Vivado 12-5682] Launching behavioral simulation in '/home/tjfriedl/Desktop/cpre_487/lab3/cpre487-587-lab3-main/hw/487_final_project/487_final_project.sim/sim_1/behav/xsim'
INFO: [SIM-utils-51] Simulation object is 'sim_1'
INFO: [SIM-utils-54] Inspecting design source files for 'tb_redundant_adder_tree' in fileset 'sim_1'...
INFO: [USF-XSim-97] Finding global include files...
INFO: [USF-XSim-98] Fetching design files from 'sim_1'...
INFO: [USF-XSim-2] XSim::Compile design
INFO: [USF-XSim-61] Executing 'COMPILE and ANALYZE' step in '/home/tjfriedl/Desktop/cpre_487/lab3/cpre487-587-lab3-main/hw/487_final_project/487_final_project.sim/sim_1/behav/xsim'
xvhdl --incr --relax -prj tb_redundant_adder_tree_vhdl.prj
INFO: [VRFC 10-163] Analyzing VHDL file "/home/tjfriedl/Desktop/cpre_487/lab3/cpre487-587-lab3-main/hw/487_final_project/487_final_project.srcs/sources_1/new/tb_redundant_adder_tree.vhd" into library xil_defaultlib
INFO: [VRFC 10-3107] analyzing entity 'tb_redundant_adder_tree'
INFO: [USF-XSim-69] 'compile' step finished in '2' seconds
INFO: [USF-XSim-3] XSim::Elaborate design
INFO: [USF-XSim-61] Executing 'ELABORATE' step in '/home/tjfriedl/Desktop/cpre_487/lab3/cpre487-587-lab3-main/hw/487_final_project/487_final_project.sim/sim_1/behav/xsim'
xelab -wto 73c4b297a91b4849a59d673faacfec88 --incr --debug typical --relax --mt 8 -L xil_defaultlib -L secureip --snapshot tb_redundant_adder_tree_behav xil_defaultlib.tb_redundant_adder_tree -log elaborate.log
Vivado Simulator 2020.1
Copyright 1986-1999, 2001-2020 Xilinx, Inc. All Rights Reserved.
Running: /remote/Xilinx/2020.1/Vivado/2020.1/bin/unwrapped/lnx64.o/xelab -wto 73c4b297a91b4849a59d673faacfec88 --incr --debug typical --relax --mt 8 -L xil_defaultlib -L secureip --snapshot tb_redundant_adder_tree_behav xil_defaultlib.tb_redundant_adder_tree -log elaborate.log 
Using 8 slave threads.
Starting static elaboration
Completed static elaboration
Starting simulation data flow analysis
Completed simulation data flow analysis
Time Resolution for simulation is 1ps
Compiling package std.standard
Compiling package std.textio
Compiling package ieee.std_logic_1164
Compiling package ieee.std_logic_arith
Compiling package ieee.std_logic_unsigned
Compiling architecture behavioral of entity xil_defaultlib.adder_cell [adder_cell_default]
Compiling architecture behavioral of entity xil_defaultlib.redundant_adder_tree [redundant_adder_tree_default]
Compiling architecture behavior of entity xil_defaultlib.tb_redundant_adder_tree
Built simulation snapshot tb_redundant_adder_tree_behav
INFO: [USF-XSim-69] 'elaborate' step finished in '2' seconds
INFO: [USF-XSim-4] XSim::Simulate design
INFO: [USF-XSim-61] Executing 'SIMULATE' step in '/home/tjfriedl/Desktop/cpre_487/lab3/cpre487-587-lab3-main/hw/487_final_project/487_final_project.sim/sim_1/behav/xsim'
INFO: [USF-XSim-98] *** Running xsim
   with args "tb_redundant_adder_tree_behav -key {Behavioral:sim_1:Functional:tb_redundant_adder_tree} -tclbatch {tb_redundant_adder_tree.tcl} -log {simulate.log}"
INFO: [USF-XSim-8] Loading simulator feature
Vivado Simulator 2020.1
Time resolution is 1 ps
source tb_redundant_adder_tree.tcl
# set curr_wave [current_wave_config]
# if { [string length $curr_wave] == 0 } {
#   if { [llength [get_objects]] > 0} {
#     add_wave /
#     set_property needs_save false [current_wave_config]
#   } else {
#      send_msg_id Add_Wave-1 WARNING "No top level signals found. Simulator will start without a wave window. If you want to open a wave window go to 'File->New Waveform Configuration' or type 'create_wave_config' in the TCL console."
#   }
# }
# run 1000ns
INFO: [USF-XSim-96] XSim completed. Design snapshot 'tb_redundant_adder_tree_behav' loaded.
INFO: [USF-XSim-97] XSim simulation ran for 1000ns
launch_simulation: Time (s): cpu = 00:00:05 ; elapsed = 00:00:06 . Memory (MB): peak = 8337.555 ; gain = 18.008 ; free physical = 8938 ; free virtual = 19799
close_sim
INFO: [Simtcl 6-16] Simulation closed
launch_simulation
Command: launch_simulation 
INFO: [Vivado 12-5682] Launching behavioral simulation in '/home/tjfriedl/Desktop/cpre_487/lab3/cpre487-587-lab3-main/hw/487_final_project/487_final_project.sim/sim_1/behav/xsim'
INFO: [SIM-utils-51] Simulation object is 'sim_1'
INFO: [SIM-utils-54] Inspecting design source files for 'tb_redundant_adder_tree' in fileset 'sim_1'...
INFO: [USF-XSim-97] Finding global include files...
INFO: [USF-XSim-98] Fetching design files from 'sim_1'...
INFO: [USF-XSim-2] XSim::Compile design
INFO: [USF-XSim-61] Executing 'COMPILE and ANALYZE' step in '/home/tjfriedl/Desktop/cpre_487/lab3/cpre487-587-lab3-main/hw/487_final_project/487_final_project.sim/sim_1/behav/xsim'
xvhdl --incr --relax -prj tb_redundant_adder_tree_vhdl.prj
INFO: [VRFC 10-163] Analyzing VHDL file "/home/tjfriedl/Desktop/cpre_487/lab3/cpre487-587-lab3-main/hw/487_final_project/487_final_project.srcs/sources_1/new/tb_redundant_adder_tree.vhd" into library xil_defaultlib
INFO: [VRFC 10-3107] analyzing entity 'tb_redundant_adder_tree'
INFO: [USF-XSim-69] 'compile' step finished in '2' seconds
INFO: [USF-XSim-3] XSim::Elaborate design
INFO: [USF-XSim-61] Executing 'ELABORATE' step in '/home/tjfriedl/Desktop/cpre_487/lab3/cpre487-587-lab3-main/hw/487_final_project/487_final_project.sim/sim_1/behav/xsim'
xelab -wto 73c4b297a91b4849a59d673faacfec88 --incr --debug typical --relax --mt 8 -L xil_defaultlib -L secureip --snapshot tb_redundant_adder_tree_behav xil_defaultlib.tb_redundant_adder_tree -log elaborate.log
Vivado Simulator 2020.1
Copyright 1986-1999, 2001-2020 Xilinx, Inc. All Rights Reserved.
Running: /remote/Xilinx/2020.1/Vivado/2020.1/bin/unwrapped/lnx64.o/xelab -wto 73c4b297a91b4849a59d673faacfec88 --incr --debug typical --relax --mt 8 -L xil_defaultlib -L secureip --snapshot tb_redundant_adder_tree_behav xil_defaultlib.tb_redundant_adder_tree -log elaborate.log 
Using 8 slave threads.
Starting static elaboration
Completed static elaboration
Starting simulation data flow analysis
Completed simulation data flow analysis
Time Resolution for simulation is 1ps
Compiling package std.standard
Compiling package std.textio
Compiling package ieee.std_logic_1164
Compiling package ieee.std_logic_arith
Compiling package ieee.std_logic_unsigned
Compiling architecture behavioral of entity xil_defaultlib.adder_cell [adder_cell_default]
Compiling architecture behavioral of entity xil_defaultlib.redundant_adder_tree [redundant_adder_tree_default]
Compiling architecture behavior of entity xil_defaultlib.tb_redundant_adder_tree
Built simulation snapshot tb_redundant_adder_tree_behav
INFO: [USF-XSim-69] 'elaborate' step finished in '2' seconds
INFO: [USF-XSim-4] XSim::Simulate design
INFO: [USF-XSim-61] Executing 'SIMULATE' step in '/home/tjfriedl/Desktop/cpre_487/lab3/cpre487-587-lab3-main/hw/487_final_project/487_final_project.sim/sim_1/behav/xsim'
INFO: [USF-XSim-98] *** Running xsim
   with args "tb_redundant_adder_tree_behav -key {Behavioral:sim_1:Functional:tb_redundant_adder_tree} -tclbatch {tb_redundant_adder_tree.tcl} -log {simulate.log}"
INFO: [USF-XSim-8] Loading simulator feature
Vivado Simulator 2020.1
Time resolution is 1 ps
source tb_redundant_adder_tree.tcl
# set curr_wave [current_wave_config]
# if { [string length $curr_wave] == 0 } {
#   if { [llength [get_objects]] > 0} {
#     add_wave /
#     set_property needs_save false [current_wave_config]
#   } else {
#      send_msg_id Add_Wave-1 WARNING "No top level signals found. Simulator will start without a wave window. If you want to open a wave window go to 'File->New Waveform Configuration' or type 'create_wave_config' in the TCL console."
#   }
# }
# run 1000ns
INFO: [USF-XSim-96] XSim completed. Design snapshot 'tb_redundant_adder_tree_behav' loaded.
INFO: [USF-XSim-97] XSim simulation ran for 1000ns
launch_simulation: Time (s): cpu = 00:00:06 ; elapsed = 00:00:07 . Memory (MB): peak = 8401.586 ; gain = 32.008 ; free physical = 8971 ; free virtual = 19833
close_sim
INFO: [Simtcl 6-16] Simulation closed
launch_simulation
Command: launch_simulation 
INFO: [Vivado 12-5682] Launching behavioral simulation in '/home/tjfriedl/Desktop/cpre_487/lab3/cpre487-587-lab3-main/hw/487_final_project/487_final_project.sim/sim_1/behav/xsim'
INFO: [SIM-utils-51] Simulation object is 'sim_1'
INFO: [SIM-utils-54] Inspecting design source files for 'tb_redundant_adder_tree' in fileset 'sim_1'...
INFO: [USF-XSim-97] Finding global include files...
INFO: [USF-XSim-98] Fetching design files from 'sim_1'...
INFO: [USF-XSim-2] XSim::Compile design
INFO: [USF-XSim-61] Executing 'COMPILE and ANALYZE' step in '/home/tjfriedl/Desktop/cpre_487/lab3/cpre487-587-lab3-main/hw/487_final_project/487_final_project.sim/sim_1/behav/xsim'
xvhdl --incr --relax -prj tb_redundant_adder_tree_vhdl.prj
INFO: [VRFC 10-163] Analyzing VHDL file "/home/tjfriedl/Desktop/cpre_487/lab3/cpre487-587-lab3-main/hw/487_final_project/487_final_project.srcs/sources_1/new/tb_redundant_adder_tree.vhd" into library xil_defaultlib
INFO: [VRFC 10-3107] analyzing entity 'tb_redundant_adder_tree'
INFO: [USF-XSim-69] 'compile' step finished in '2' seconds
INFO: [USF-XSim-3] XSim::Elaborate design
INFO: [USF-XSim-61] Executing 'ELABORATE' step in '/home/tjfriedl/Desktop/cpre_487/lab3/cpre487-587-lab3-main/hw/487_final_project/487_final_project.sim/sim_1/behav/xsim'
xelab -wto 73c4b297a91b4849a59d673faacfec88 --incr --debug typical --relax --mt 8 -L xil_defaultlib -L secureip --snapshot tb_redundant_adder_tree_behav xil_defaultlib.tb_redundant_adder_tree -log elaborate.log
Vivado Simulator 2020.1
Copyright 1986-1999, 2001-2020 Xilinx, Inc. All Rights Reserved.
Running: /remote/Xilinx/2020.1/Vivado/2020.1/bin/unwrapped/lnx64.o/xelab -wto 73c4b297a91b4849a59d673faacfec88 --incr --debug typical --relax --mt 8 -L xil_defaultlib -L secureip --snapshot tb_redundant_adder_tree_behav xil_defaultlib.tb_redundant_adder_tree -log elaborate.log 
Using 8 slave threads.
Starting static elaboration
Completed static elaboration
Starting simulation data flow analysis
Completed simulation data flow analysis
Time Resolution for simulation is 1ps
Compiling package std.standard
Compiling package std.textio
Compiling package ieee.std_logic_1164
Compiling package ieee.std_logic_arith
Compiling package ieee.std_logic_unsigned
Compiling architecture behavioral of entity xil_defaultlib.adder_cell [adder_cell_default]
Compiling architecture behavioral of entity xil_defaultlib.redundant_adder_tree [redundant_adder_tree_default]
Compiling architecture behavior of entity xil_defaultlib.tb_redundant_adder_tree
Built simulation snapshot tb_redundant_adder_tree_behav
INFO: [USF-XSim-69] 'elaborate' step finished in '2' seconds
INFO: [USF-XSim-4] XSim::Simulate design
INFO: [USF-XSim-61] Executing 'SIMULATE' step in '/home/tjfriedl/Desktop/cpre_487/lab3/cpre487-587-lab3-main/hw/487_final_project/487_final_project.sim/sim_1/behav/xsim'
INFO: [USF-XSim-98] *** Running xsim
   with args "tb_redundant_adder_tree_behav -key {Behavioral:sim_1:Functional:tb_redundant_adder_tree} -tclbatch {tb_redundant_adder_tree.tcl} -log {simulate.log}"
INFO: [USF-XSim-8] Loading simulator feature
Vivado Simulator 2020.1
Time resolution is 1 ps
source tb_redundant_adder_tree.tcl
# set curr_wave [current_wave_config]
# if { [string length $curr_wave] == 0 } {
#   if { [llength [get_objects]] > 0} {
#     add_wave /
#     set_property needs_save false [current_wave_config]
#   } else {
#      send_msg_id Add_Wave-1 WARNING "No top level signals found. Simulator will start without a wave window. If you want to open a wave window go to 'File->New Waveform Configuration' or type 'create_wave_config' in the TCL console."
#   }
# }
# run 1000ns
INFO: [USF-XSim-96] XSim completed. Design snapshot 'tb_redundant_adder_tree_behav' loaded.
INFO: [USF-XSim-97] XSim simulation ran for 1000ns
launch_simulation: Time (s): cpu = 00:00:05 ; elapsed = 00:00:07 . Memory (MB): peak = 8433.602 ; gain = 32.008 ; free physical = 8929 ; free virtual = 19792
close_sim
INFO: [Simtcl 6-16] Simulation closed
launch_simulation
Command: launch_simulation 
INFO: [Vivado 12-5682] Launching behavioral simulation in '/home/tjfriedl/Desktop/cpre_487/lab3/cpre487-587-lab3-main/hw/487_final_project/487_final_project.sim/sim_1/behav/xsim'
INFO: [SIM-utils-51] Simulation object is 'sim_1'
INFO: [SIM-utils-54] Inspecting design source files for 'tb_redundant_adder_tree' in fileset 'sim_1'...
INFO: [USF-XSim-97] Finding global include files...
INFO: [USF-XSim-98] Fetching design files from 'sim_1'...
INFO: [USF-XSim-2] XSim::Compile design
INFO: [USF-XSim-61] Executing 'COMPILE and ANALYZE' step in '/home/tjfriedl/Desktop/cpre_487/lab3/cpre487-587-lab3-main/hw/487_final_project/487_final_project.sim/sim_1/behav/xsim'
xvhdl --incr --relax -prj tb_redundant_adder_tree_vhdl.prj
INFO: [VRFC 10-163] Analyzing VHDL file "/home/tjfriedl/Desktop/cpre_487/lab3/cpre487-587-lab3-main/hw/487_final_project/487_final_project.srcs/sources_1/new/tb_redundant_adder_tree.vhd" into library xil_defaultlib
INFO: [VRFC 10-3107] analyzing entity 'tb_redundant_adder_tree'
INFO: [USF-XSim-69] 'compile' step finished in '1' seconds
INFO: [USF-XSim-3] XSim::Elaborate design
INFO: [USF-XSim-61] Executing 'ELABORATE' step in '/home/tjfriedl/Desktop/cpre_487/lab3/cpre487-587-lab3-main/hw/487_final_project/487_final_project.sim/sim_1/behav/xsim'
xelab -wto 73c4b297a91b4849a59d673faacfec88 --incr --debug typical --relax --mt 8 -L xil_defaultlib -L secureip --snapshot tb_redundant_adder_tree_behav xil_defaultlib.tb_redundant_adder_tree -log elaborate.log
Vivado Simulator 2020.1
Copyright 1986-1999, 2001-2020 Xilinx, Inc. All Rights Reserved.
Running: /remote/Xilinx/2020.1/Vivado/2020.1/bin/unwrapped/lnx64.o/xelab -wto 73c4b297a91b4849a59d673faacfec88 --incr --debug typical --relax --mt 8 -L xil_defaultlib -L secureip --snapshot tb_redundant_adder_tree_behav xil_defaultlib.tb_redundant_adder_tree -log elaborate.log 
Using 8 slave threads.
Starting static elaboration
Completed static elaboration
Starting simulation data flow analysis
Completed simulation data flow analysis
Time Resolution for simulation is 1ps
Compiling package std.standard
Compiling package std.textio
Compiling package ieee.std_logic_1164
Compiling package ieee.std_logic_arith
Compiling package ieee.std_logic_unsigned
Compiling architecture behavioral of entity xil_defaultlib.adder_cell [adder_cell_default]
Compiling architecture behavioral of entity xil_defaultlib.redundant_adder_tree [redundant_adder_tree_default]
Compiling architecture behavior of entity xil_defaultlib.tb_redundant_adder_tree
Built simulation snapshot tb_redundant_adder_tree_behav
INFO: [USF-XSim-69] 'elaborate' step finished in '2' seconds
INFO: [USF-XSim-4] XSim::Simulate design
INFO: [USF-XSim-61] Executing 'SIMULATE' step in '/home/tjfriedl/Desktop/cpre_487/lab3/cpre487-587-lab3-main/hw/487_final_project/487_final_project.sim/sim_1/behav/xsim'
INFO: [USF-XSim-98] *** Running xsim
   with args "tb_redundant_adder_tree_behav -key {Behavioral:sim_1:Functional:tb_redundant_adder_tree} -tclbatch {tb_redundant_adder_tree.tcl} -log {simulate.log}"
INFO: [USF-XSim-8] Loading simulator feature
Vivado Simulator 2020.1
Time resolution is 1 ps
source tb_redundant_adder_tree.tcl
# set curr_wave [current_wave_config]
# if { [string length $curr_wave] == 0 } {
#   if { [llength [get_objects]] > 0} {
#     add_wave /
#     set_property needs_save false [current_wave_config]
#   } else {
#      send_msg_id Add_Wave-1 WARNING "No top level signals found. Simulator will start without a wave window. If you want to open a wave window go to 'File->New Waveform Configuration' or type 'create_wave_config' in the TCL console."
#   }
# }
# run 1000ns
INFO: [USF-XSim-96] XSim completed. Design snapshot 'tb_redundant_adder_tree_behav' loaded.
INFO: [USF-XSim-97] XSim simulation ran for 1000ns
launch_simulation: Time (s): cpu = 00:00:06 ; elapsed = 00:00:07 . Memory (MB): peak = 8461.008 ; gain = 24.012 ; free physical = 8917 ; free virtual = 19781
set_property top adder_cell [current_fileset]
update_compile_order -fileset sources_1
reset_run synth_1
WARNING: [Vivado 12-1017] Problems encountered:
1. Failed to delete one or more files in run directory /home/tjfriedl/Desktop/cpre_487/lab3/cpre487-587-lab3-main/hw/487_final_project/487_final_project.runs/synth_1

launch_runs synth_1 -jobs 4
[Tue Dec 12 11:17:15 2023] Launched synth_1...
Run output will be captured here: /home/tjfriedl/Desktop/cpre_487/lab3/cpre487-587-lab3-main/hw/487_final_project/487_final_project.runs/synth_1/runme.log
launch_runs impl_1 -jobs 4
[Tue Dec 12 11:18:37 2023] Launched impl_1...
Run output will be captured here: /home/tjfriedl/Desktop/cpre_487/lab3/cpre487-587-lab3-main/hw/487_final_project/487_final_project.runs/impl_1/runme.log
refresh_design
Netlist sorting complete. Time (s): cpu = 00:00:00 ; elapsed = 00:00:00 . Memory (MB): peak = 8461.008 ; gain = 0.000 ; free physical = 7018 ; free virtual = 18667
INFO: [Project 1-479] Netlist was created with Vivado 2020.1
INFO: [Project 1-570] Preparing netlist for logic optimization
INFO: [Timing 38-478] Restoring timing data from binary archive.
INFO: [Timing 38-479] Binary timing data restore complete.
INFO: [Project 1-856] Restoring constraints from binary archive.
INFO: [Constraints 18-5170] The checkpoint was created with non-default parameter values which do not match the current Vivado settings.  Mismatching parameters are:
  general.maxThreads
INFO: [Project 1-853] Binary constraint restore complete.
Reading XDEF placement.
Reading placer database...
Reading XDEF routing.
Read XDEF File: Time (s): cpu = 00:00:00.04 ; elapsed = 00:00:00.04 . Memory (MB): peak = 8461.008 ; gain = 0.000 ; free physical = 6905 ; free virtual = 18554
Restored from archive | CPU: 0.040000 secs | Memory: 0.030205 MB |
Finished XDEF File Restore: Time (s): cpu = 00:00:00.04 ; elapsed = 00:00:00.04 . Memory (MB): peak = 8461.008 ; gain = 0.000 ; free physical = 6905 ; free virtual = 18554
refresh_design: Time (s): cpu = 00:00:10 ; elapsed = 00:00:06 . Memory (MB): peak = 8547.070 ; gain = 86.062 ; free physical = 6794 ; free virtual = 18443
WARNING: [Timing 38-313] There are no user specified timing constraints. Timing constraints are needed for proper timing analysis.
set_property top redundant_adder_tree [current_fileset]
update_compile_order -fileset sources_1
reset_run synth_1
WARNING: [Vivado 12-1017] Problems encountered:
1. Failed to delete one or more files in run directory /home/tjfriedl/Desktop/cpre_487/lab3/cpre487-587-lab3-main/hw/487_final_project/487_final_project.runs/synth_1

launch_runs synth_1 -jobs 4
[Tue Dec 12 11:29:23 2023] Launched synth_1...
Run output will be captured here: /home/tjfriedl/Desktop/cpre_487/lab3/cpre487-587-lab3-main/hw/487_final_project/487_final_project.runs/synth_1/runme.log
close_design
launch_runs impl_1 -jobs 4
[Tue Dec 12 11:30:47 2023] Launched impl_1...
Run output will be captured here: /home/tjfriedl/Desktop/cpre_487/lab3/cpre487-587-lab3-main/hw/487_final_project/487_final_project.runs/impl_1/runme.log
open_run impl_1
Netlist sorting complete. Time (s): cpu = 00:00:00 ; elapsed = 00:00:00 . Memory (MB): peak = 8547.070 ; gain = 0.000 ; free physical = 7030 ; free virtual = 18693
INFO: [Project 1-479] Netlist was created with Vivado 2020.1
INFO: [Project 1-570] Preparing netlist for logic optimization
INFO: [Timing 38-478] Restoring timing data from binary archive.
INFO: [Timing 38-479] Binary timing data restore complete.
INFO: [Project 1-856] Restoring constraints from binary archive.
INFO: [Constraints 18-5170] The checkpoint was created with non-default parameter values which do not match the current Vivado settings.  Mismatching parameters are:
  general.maxThreads
INFO: [Project 1-853] Binary constraint restore complete.
Reading XDEF placement.
Reading placer database...
Reading XDEF routing.
Read XDEF File: Time (s): cpu = 00:00:00.03 ; elapsed = 00:00:00.05 . Memory (MB): peak = 8547.070 ; gain = 0.000 ; free physical = 6934 ; free virtual = 18596
Restored from archive | CPU: 0.030000 secs | Memory: 0.027161 MB |
Finished XDEF File Restore: Time (s): cpu = 00:00:00.03 ; elapsed = 00:00:00.05 . Memory (MB): peak = 8547.070 ; gain = 0.000 ; free physical = 6934 ; free virtual = 18596
Netlist sorting complete. Time (s): cpu = 00:00:00 ; elapsed = 00:00:00 . Memory (MB): peak = 8547.070 ; gain = 0.000 ; free physical = 6934 ; free virtual = 18596
INFO: [Project 1-111] Unisim Transformation Summary:
No Unisim elements were transformed.

WARNING: [Timing 38-313] There are no user specified timing constraints. Timing constraints are needed for proper timing analysis.
close_sim
INFO: [Simtcl 6-16] Simulation closed
exit
INFO: [Common 17-206] Exiting Vivado at Tue Dec 12 11:34:01 2023...
