#-----------------------------------------------------------
# Vivado v2020.1 (64-bit)
# SW Build 2902540 on Wed May 27 19:54:35 MDT 2020
# IP Build 2902112 on Wed May 27 22:43:36 MDT 2020
# Start of session at: Mon Oct  2 12:41:35 2023
# Process ID: 505829
# Current directory: /home/tjfriedl/Desktop/cpre_487/lab3/cpre487-587-lab3-main
# Command line: vivado
# Log file: /home/tjfriedl/Desktop/cpre_487/lab3/cpre487-587-lab3-main/vivado.log
# Journal file: /home/tjfriedl/Desktop/cpre_487/lab3/cpre487-587-lab3-main/vivado.jou
#-----------------------------------------------------------
start_gui
ls
WARNING: [Common 17-259] Unknown Tcl command 'ls' sending command to the OS shell for execution. It is recommended to use 'exec' to send the command to the OS shell.
env.sh
hw
README.md
sw
vivado_114682.backup.jou
vivado_114682.backup.log
vivado_115605.backup.jou
vivado_115605.backup.log
vivado_505380.backup.jou
vivado_505380.backup.log
vivado.jou
vivado.log
vivado_pid505829.str
cd hw/staged_mac/vivado/
source tc_mac_ip.tcl
couldn't read file "tc_mac_ip.tcl": no such file or directory
ls
WARNING: [Common 17-259] Unknown Tcl command 'ls' sending command to the OS shell for execution. It is recommended to use 'exec' to send the command to the OS shell.
tc_staged_mac
tc_staged_mac_ip.tcl
Xilinx
source tc_staged_mac_ip.tcl
# set origin_dir "."
# if { [info exists ::origin_dir_loc] } {
#   set origin_dir $::origin_dir_loc
# }
# set _xil_proj_name_ "tc_staged_mac"
# if { [info exists ::user_project_name] } {
#   set _xil_proj_name_ $::user_project_name
# }
# variable script_file
# set script_file "tc_staged_mac_ip.tcl"
# proc print_help {} {
#   variable script_file
#   puts "\nDescription:"
#   puts "Recreate a Vivado project from this script. The created project will be"
#   puts "functionally equivalent to the original project for which this script was"
#   puts "generated. The script contains commands for creating a project, filesets,"
#   puts "runs, adding/importing sources and setting properties on various objects.\n"
#   puts "Syntax:"
#   puts "$script_file"
#   puts "$script_file -tclargs \[--origin_dir <path>\]"
#   puts "$script_file -tclargs \[--project_name <name>\]"
#   puts "$script_file -tclargs \[--help\]\n"
#   puts "Usage:"
#   puts "Name                   Description"
#   puts "-------------------------------------------------------------------------"
#   puts "\[--origin_dir <path>\]  Determine source file paths wrt this path. Default"
#   puts "                       origin_dir path value is \".\", otherwise, the value"
#   puts "                       that was set with the \"-paths_relative_to\" switch"
#   puts "                       when this script was generated.\n"
#   puts "\[--project_name <name>\] Create project with the specified name. Default"
#   puts "                       name is the name of the project from where this"
#   puts "                       script was generated.\n"
#   puts "\[--help\]               Print help information for this script"
#   puts "-------------------------------------------------------------------------\n"
#   exit 0
# }
# if { $::argc > 0 } {
#   for {set i 0} {$i < $::argc} {incr i} {
#     set option [string trim [lindex $::argv $i]]
#     switch -regexp -- $option {
#       "--origin_dir"   { incr i; set origin_dir [lindex $::argv $i] }
#       "--project_name" { incr i; set _xil_proj_name_ [lindex $::argv $i] }
#       "--help"         { print_help }
#       default {
#         if { [regexp {^-} $option] } {
#           puts "ERROR: Unknown option '$option' specified, please type '$script_file -tclargs --help' for usage info.\n"
#           return 1
#         }
#       }
#     }
#   }
# }
# set orig_proj_dir "[file normalize "$origin_dir/tc_staged_mac"]"
# create_project ${_xil_proj_name_} ./${_xil_proj_name_} -part xc7z020clg484-1
ERROR: [Common 17-53] User Exception: Project already exists on disk, please use '-force' option to overwrite: 
     /home/tjfriedl/Desktop/cpre_487/lab3/cpre487-587-lab3-main/hw/staged_mac/vivado/tc_staged_mac/tc_staged_mac.xpr
     /home/tjfriedl/Desktop/cpre_487/lab3/cpre487-587-lab3-main/hw/staged_mac/vivado/tc_staged_mac/tc_staged_mac.runs
     /home/tjfriedl/Desktop/cpre_487/lab3/cpre487-587-lab3-main/hw/staged_mac/vivado/tc_staged_mac/tc_staged_mac.sim
     /home/tjfriedl/Desktop/cpre_487/lab3/cpre487-587-lab3-main/hw/staged_mac/vivado/tc_staged_mac/tc_staged_mac.cache
     /home/tjfriedl/Desktop/cpre_487/lab3/cpre487-587-lab3-main/hw/staged_mac/vivado/tc_staged_mac/tc_staged_mac.hw
     /home/tjfriedl/Desktop/cpre_487/lab3/cpre487-587-lab3-main/hw/staged_mac/vivado/tc_staged_mac/tc_staged_mac.ip_user_files
     /home/tjfriedl/Desktop/cpre_487/lab3/cpre487-587-lab3-main/hw/staged_mac/vivado/tc_staged_mac/tc_staged_mac.hbs
open_project /home/tjfriedl/Desktop/cpre_487/lab3/cpre487-587-lab3-main/hw/staged_mac/vivado/tc_staged_mac/tc_staged_mac.xpr
Scanning sources...
Finished scanning sources
WARNING: [filemgmt 56-3] Default IP Output Path : Could not find the directory '/home/tjfriedl/Desktop/cpre_487/lab3/cpre487-587-lab3-main/hw/staged_mac/vivado/tc_staged_mac/tc_staged_mac.srcs/sources_1'.
INFO: [IP_Flow 19-234] Refreshing IP repositories
INFO: [IP_Flow 19-1700] Loaded user IP repository '/home/tjfriedl/Desktop/cpre_487/lab3/cpre487-587-lab3-main/hw/staged_mac'.
WARNING: [IP_Flow 19-3656] If you move the project, the path for repository '/home/tjfriedl/Desktop/cpre_487/lab3/cpre487-587-lab3-main/hw/staged_mac' may become invalid. A better location for the repository would be in a path adjacent to the project. (Current project location is '/home/tjfriedl/Desktop/cpre_487/lab3/cpre487-587-lab3-main/hw/staged_mac/vivado/tc_staged_mac'.)
INFO: [IP_Flow 19-2313] Loaded Vivado IP repository '/remote/Xilinx/2020.1/Vivado/2020.1/data/ip'.
WARNING: [IP_Flow 19-3899] Cannot get the environment domain name variable for the component vendor name. Setting the vendor name to 'user.org'.
open_project: Time (s): cpu = 00:00:08 ; elapsed = 00:00:05 . Memory (MB): peak = 7375.543 ; gain = 29.441 ; free physical = 15428 ; free virtual = 41606
update_compile_order -fileset sources_1
ipx::open_ipxact_file /home/tjfriedl/Desktop/cpre_487/lab3/cpre487-587-lab3-main/hw/staged_mac/component.xml
WARNING: [IP_Flow 19-3899] Cannot get the environment domain name variable for the component vendor name. Setting the vendor name to 'user.org'.
WARNING: [IP_Flow 19-5226] Project source file '/home/tjfriedl/Desktop/cpre_487/lab3/cpre487-587-lab3-main/hw/staged_mac/component.xml' ignored by IP packager.
WARNING: [IP_Flow 19-3898] File Group 'xilinx_anylanguagesynthesis (Synthesis)': File '/home/tjfriedl/Desktop/cpre_487/lab3/cpre487-587-lab3-main/hw/staged_mac/hdl/staged_mac_template.vhd' is not found in the project sources. It will be removed from the packaged IP when the sources are merged. If still required, please add this file to the project and re-package.
WARNING: [IP_Flow 19-4308] Project file '/home/tjfriedl/Desktop/cpre_487/lab3/cpre487-587-lab3-main/hw/staged_mac/hdl/zedboard.xdc' is not found in the component files. It will be added automatically when merging sources and repackaging. Please remove the file from the source project if this is not desired.
WARNING: [IP_Flow 19-4308] Project file '/home/tjfriedl/Desktop/cpre_487/lab3/cpre487-587-lab3-main/hw/staged_mac/hdl/staged_mac.vhd' is not found in the component files. It will be added automatically when merging sources and repackaging. Please remove the file from the source project if this is not desired.
WARNING: [IP_Flow 19-3898] File Group 'xilinx_anylanguagebehavioralsimulation (Simulation)': File '/home/tjfriedl/Desktop/cpre_487/lab3/cpre487-587-lab3-main/hw/staged_mac/hdl/staged_mac_template.vhd' is not found in the project sources. It will be removed from the packaged IP when the sources are merged. If still required, please add this file to the project and re-package.
WARNING: [IP_Flow 19-4308] Project file '/home/tjfriedl/Desktop/cpre_487/lab3/cpre487-587-lab3-main/hw/staged_mac/hdl/staged_mac.vhd' is not found in the component files. It will be added automatically when merging sources and repackaging. Please remove the file from the source project if this is not desired.
ipx::unload_core /home/tjfriedl/Desktop/cpre_487/lab3/cpre487-587-lab3-main/hw/staged_mac/component.xml
exit
INFO: [Common 17-206] Exiting Vivado at Mon Oct  2 15:05:19 2023...
