#-----------------------------------------------------------
# Vivado v2020.1 (64-bit)
# SW Build 2902540 on Wed May 27 19:54:35 MDT 2020
# IP Build 2902112 on Wed May 27 22:43:36 MDT 2020
# Start of session at: Mon Oct 23 14:02:58 2023
# Process ID: 1141053
# Current directory: /home/tjfriedl/Desktop/cpre_487/lab3/cpre487-587-lab3-main
# Command line: vivado
# Log file: /home/tjfriedl/Desktop/cpre_487/lab3/cpre487-587-lab3-main/vivado.log
# Journal file: /home/tjfriedl/Desktop/cpre_487/lab3/cpre487-587-lab3-main/vivado.jou
#-----------------------------------------------------------
start_gui
create_project project_1 /home/tjfriedl/Desktop/cpre_487/lab3/cpre487-587-lab3-main/hw/piped_mac/hdl/project_1 -part xc7vx485tffg1157-1
INFO: [IP_Flow 19-234] Refreshing IP repositories
INFO: [IP_Flow 19-1704] No user IP repositories specified
INFO: [IP_Flow 19-2313] Loaded Vivado IP repository '/remote/Xilinx/2020.1/Vivado/2020.1/data/ip'.
WARNING: [IP_Flow 19-3899] Cannot get the environment domain name variable for the component vendor name. Setting the vendor name to 'user.org'.
create_project: Time (s): cpu = 00:00:06 ; elapsed = 00:00:09 . Memory (MB): peak = 7368.434 ; gain = 25.012 ; free physical = 14671 ; free virtual = 41189
add_files -norecurse /home/tjfriedl/Desktop/cpre_487/lab3/cpre487-587-lab3-main/hw/piped_mac/hdl/piped_mac.vhd
update_compile_order -fileset sources_1
update_compile_order -fileset sources_1
update_compile_order -fileset sources_1
launch_runs synth_1 -jobs 20
[Mon Oct 23 14:31:11 2023] Launched synth_1...
Run output will be captured here: /home/tjfriedl/Desktop/cpre_487/lab3/cpre487-587-lab3-main/hw/piped_mac/hdl/project_1/project_1.runs/synth_1/runme.log
launch_runs impl_1 -jobs 20
[Mon Oct 23 14:31:55 2023] Launched impl_1...
Run output will be captured here: /home/tjfriedl/Desktop/cpre_487/lab3/cpre487-587-lab3-main/hw/piped_mac/hdl/project_1/project_1.runs/impl_1/runme.log
open_run impl_1
INFO: [Device 21-403] Loading part xc7vx485tffg1157-1
Netlist sorting complete. Time (s): cpu = 00:00:00.01 ; elapsed = 00:00:00 . Memory (MB): peak = 7825.359 ; gain = 0.000 ; free physical = 10811 ; free virtual = 37508
INFO: [Netlist 29-17] Analyzing 32 Unisim elements for replacement
INFO: [Netlist 29-28] Unisim Transformation completed in 0 CPU seconds
INFO: [Project 1-479] Netlist was created with Vivado 2020.1
INFO: [Project 1-570] Preparing netlist for logic optimization
Reading XDEF placement.
Reading placer database...
Reading XDEF routing.
Read XDEF File: Time (s): cpu = 00:00:00.03 ; elapsed = 00:00:00.03 . Memory (MB): peak = 7887.141 ; gain = 1.000 ; free physical = 12703 ; free virtual = 39400
Restored from archive | CPU: 0.040000 secs | Memory: 0.699089 MB |
Finished XDEF File Restore: Time (s): cpu = 00:00:00.03 ; elapsed = 00:00:00.03 . Memory (MB): peak = 7887.141 ; gain = 1.000 ; free physical = 12703 ; free virtual = 39400
Netlist sorting complete. Time (s): cpu = 00:00:00 ; elapsed = 00:00:00 . Memory (MB): peak = 7887.141 ; gain = 0.000 ; free physical = 12703 ; free virtual = 39400
INFO: [Project 1-111] Unisim Transformation Summary:
No Unisim elements were transformed.

open_run: Time (s): cpu = 00:00:14 ; elapsed = 00:00:10 . Memory (MB): peak = 8192.020 ; gain = 420.254 ; free physical = 12535 ; free virtual = 39232
WARNING: [Timing 38-313] There are no user specified timing constraints. Timing constraints are needed for proper timing analysis.
exit
INFO: [Common 17-206] Exiting Vivado at Mon Oct 23 14:36:22 2023...
