#-----------------------------------------------------------
# Vivado v2020.1 (64-bit)
# SW Build 2902540 on Wed May 27 19:54:35 MDT 2020
# IP Build 2902112 on Wed May 27 22:43:36 MDT 2020
# Start of session at: Mon Oct 23 14:38:38 2023
# Process ID: 1152404
# Current directory: /home/tjfriedl/Desktop/cpre_487/lab3/cpre487-587-lab3-main
# Command line: vivado
# Log file: /home/tjfriedl/Desktop/cpre_487/lab3/cpre487-587-lab3-main/vivado.log
# Journal file: /home/tjfriedl/Desktop/cpre_487/lab3/cpre487-587-lab3-main/vivado.jou
#-----------------------------------------------------------
start_gui
open_project /home/tjfriedl/Desktop/cpre_487/lab3/cpre487-587-lab3-main/hw/piped_mac/hdl/project_1/project_1.xpr
Scanning sources...
Finished scanning sources
WARNING: [filemgmt 56-3] Default IP Output Path : Could not find the directory '/home/tjfriedl/Desktop/cpre_487/lab3/cpre487-587-lab3-main/hw/piped_mac/hdl/project_1/project_1.srcs/sources_1'.
INFO: [IP_Flow 19-234] Refreshing IP repositories
INFO: [IP_Flow 19-1704] No user IP repositories specified
INFO: [IP_Flow 19-2313] Loaded Vivado IP repository '/remote/Xilinx/2020.1/Vivado/2020.1/data/ip'.
WARNING: [IP_Flow 19-3899] Cannot get the environment domain name variable for the component vendor name. Setting the vendor name to 'user.org'.
update_compile_order -fileset sources_1
exit
INFO: [Common 17-206] Exiting Vivado at Mon Oct 23 14:42:49 2023...
