#-----------------------------------------------------------
# Vivado v2020.1 (64-bit)
# SW Build 2902540 on Wed May 27 19:54:35 MDT 2020
# IP Build 2902112 on Wed May 27 22:43:36 MDT 2020
# Start of session at: Tue Nov 28 20:12:59 2023
# Process ID: 40861
# Current directory: /home/tjfriedl/Desktop/cpre_487/lab3/cpre487-587-lab3-main
# Command line: vivado
# Log file: /home/tjfriedl/Desktop/cpre_487/lab3/cpre487-587-lab3-main/vivado.log
# Journal file: /home/tjfriedl/Desktop/cpre_487/lab3/cpre487-587-lab3-main/vivado.jou
#-----------------------------------------------------------
start_gui
create_project twos_complement /home/tjfriedl/Desktop/cpre_487/lab3/cpre487-587-lab3-main/hw/final_project/twos_complement -part xc7vx485tffg1157-1
INFO: [IP_Flow 19-234] Refreshing IP repositories
INFO: [IP_Flow 19-1704] No user IP repositories specified
INFO: [IP_Flow 19-2313] Loaded Vivado IP repository '/remote/Xilinx/2020.1/Vivado/2020.1/data/ip'.
WARNING: [IP_Flow 19-3899] Cannot get the environment domain name variable for the component vendor name. Setting the vendor name to 'user.org'.
create_project: Time (s): cpu = 00:00:10 ; elapsed = 00:00:06 . Memory (MB): peak = 7225.191 ; gain = 40.023 ; free physical = 4702 ; free virtual = 18507
set_property target_language VHDL [current_project]
set_property simulator_language VHDL [current_project]
add_files -fileset constrs_1 -norecurse /home/tjfriedl/Desktop/cpre_487/lab3/cpre487-587-lab3-main/hw/final_project/twos_complement/zedboard.xdc
file mkdir /home/tjfriedl/Desktop/cpre_487/lab3/cpre487-587-lab3-main/hw/final_project/twos_complement/twos_complement.srcs/sources_1/new
close [ open /home/tjfriedl/Desktop/cpre_487/lab3/cpre487-587-lab3-main/hw/final_project/twos_complement/twos_complement.srcs/sources_1/new/twos_complement.vhd w ]
add_files /home/tjfriedl/Desktop/cpre_487/lab3/cpre487-587-lab3-main/hw/final_project/twos_complement/twos_complement.srcs/sources_1/new/twos_complement.vhd
update_compile_order -fileset sources_1
close_project
exit
INFO: [Common 17-206] Exiting Vivado at Tue Nov 28 22:36:52 2023...
