#-----------------------------------------------------------
# Vivado v2020.1 (64-bit)
# SW Build 2902540 on Wed May 27 19:54:35 MDT 2020
# IP Build 2902112 on Wed May 27 22:43:36 MDT 2020
# Start of session at: Mon Oct  2 12:36:19 2023
# Process ID: 505380
# Current directory: /home/tjfriedl/Desktop/cpre_487/lab3/cpre487-587-lab3-main
# Command line: vivado
# Log file: /home/tjfriedl/Desktop/cpre_487/lab3/cpre487-587-lab3-main/vivado.log
# Journal file: /home/tjfriedl/Desktop/cpre_487/lab3/cpre487-587-lab3-main/vivado.jou
#-----------------------------------------------------------
start_gui
open_checkpoint /home/tjfriedl/Desktop/cpre_487/lab3/cpre487-587-lab3-main/hw/staged_mac/hdl/staged_mac.vhd
Command: open_checkpoint /home/tjfriedl/Desktop/cpre_487/lab3/cpre487-587-lab3-main/hw/staged_mac/hdl/staged_mac.vhd

Starting open_checkpoint Task

Time (s): cpu = 00:00:00.04 ; elapsed = 00:00:00.06 . Memory (MB): peak = 7218.680 ; gain = 0.000 ; free physical = 15779 ; free virtual = 41915
INFO: [IP_Flow 19-234] Refreshing IP repositories
INFO: [IP_Flow 19-1704] No user IP repositories specified
INFO: [IP_Flow 19-2313] Loaded Vivado IP repository '/remote/Xilinx/2020.1/Vivado/2020.1/data/ip'.
ERROR: [Runs 36-335] '/home/tjfriedl/Desktop/cpre_487/lab3/cpre487-587-lab3-main/hw/staged_mac/hdl/staged_mac.vhd' is not a valid design checkpoint
exit
INFO: [Common 17-206] Exiting Vivado at Mon Oct  2 12:39:09 2023...
