#-----------------------------------------------------------
# Vivado v2020.1 (64-bit)
# SW Build 2902540 on Wed May 27 19:54:35 MDT 2020
# IP Build 2902112 on Wed May 27 22:43:36 MDT 2020
# Start of session at: Mon Oct 23 12:03:48 2023
# Process ID: 1097545
# Current directory: /home/tjfriedl/Desktop/cpre_487/lab3/cpre487-587-lab3-main
# Command line: vivado
# Log file: /home/tjfriedl/Desktop/cpre_487/lab3/cpre487-587-lab3-main/vivado.log
# Journal file: /home/tjfriedl/Desktop/cpre_487/lab3/cpre487-587-lab3-main/vivado.jou
#-----------------------------------------------------------
start_gui
open_project /home/tjfriedl/Desktop/cpre_487/lab3/cpre487-587-lab3-main/hw/staged_mac/vivado/tc_staged_mac/tc_staged_mac.xpr
Scanning sources...
Finished scanning sources
WARNING: [filemgmt 56-3] Default IP Output Path : Could not find the directory '/home/tjfriedl/Desktop/cpre_487/lab3/cpre487-587-lab3-main/hw/staged_mac/vivado/tc_staged_mac/tc_staged_mac.srcs/sources_1'.
INFO: [IP_Flow 19-234] Refreshing IP repositories
INFO: [IP_Flow 19-1700] Loaded user IP repository '/home/tjfriedl/Desktop/cpre_487/lab3/cpre487-587-lab3-main/hw/staged_mac'.
WARNING: [IP_Flow 19-3656] If you move the project, the path for repository '/home/tjfriedl/Desktop/cpre_487/lab3/cpre487-587-lab3-main/hw/staged_mac' may become invalid. A better location for the repository would be in a path adjacent to the project. (Current project location is '/home/tjfriedl/Desktop/cpre_487/lab3/cpre487-587-lab3-main/hw/staged_mac/vivado/tc_staged_mac'.)
INFO: [IP_Flow 19-2313] Loaded Vivado IP repository '/remote/Xilinx/2020.1/Vivado/2020.1/data/ip'.
WARNING: [IP_Flow 19-3899] Cannot get the environment domain name variable for the component vendor name. Setting the vendor name to 'user.org'.
open_project: Time (s): cpu = 00:00:08 ; elapsed = 00:00:06 . Memory (MB): peak = 7255.590 ; gain = 34.246 ; free physical = 16474 ; free virtual = 42604
update_compile_order -fileset sources_1
reset_run synth_1
launch_runs synth_1 -jobs 4
[Mon Oct 23 12:08:19 2023] Launched synth_1...
Run output will be captured here: /home/tjfriedl/Desktop/cpre_487/lab3/cpre487-587-lab3-main/hw/staged_mac/vivado/tc_staged_mac/tc_staged_mac.runs/synth_1/runme.log
launch_runs impl_1 -jobs 4
[Mon Oct 23 12:11:33 2023] Launched impl_1...
Run output will be captured here: /home/tjfriedl/Desktop/cpre_487/lab3/cpre487-587-lab3-main/hw/staged_mac/vivado/tc_staged_mac/tc_staged_mac.runs/impl_1/runme.log
reset_run synth_1
launch_runs synth_1 -jobs 4
[Mon Oct 23 12:14:16 2023] Launched synth_1...
Run output will be captured here: /home/tjfriedl/Desktop/cpre_487/lab3/cpre487-587-lab3-main/hw/staged_mac/vivado/tc_staged_mac/tc_staged_mac.runs/synth_1/runme.log
launch_runs impl_1 -jobs 4
[Mon Oct 23 12:17:13 2023] Launched impl_1...
Run output will be captured here: /home/tjfriedl/Desktop/cpre_487/lab3/cpre487-587-lab3-main/hw/staged_mac/vivado/tc_staged_mac/tc_staged_mac.runs/impl_1/runme.log
open_run impl_1
INFO: [Device 21-403] Loading part xc7z020clg484-1
Netlist sorting complete. Time (s): cpu = 00:00:00 ; elapsed = 00:00:00 . Memory (MB): peak = 7427.277 ; gain = 0.000 ; free physical = 15926 ; free virtual = 42179
INFO: [Project 1-479] Netlist was created with Vivado 2020.1
INFO: [Project 1-570] Preparing netlist for logic optimization
INFO: [Timing 38-478] Restoring timing data from binary archive.
INFO: [Timing 38-479] Binary timing data restore complete.
INFO: [Project 1-856] Restoring constraints from binary archive.
INFO: [Project 1-853] Binary constraint restore complete.
Reading XDEF placement.
Reading placer database...
Reading XDEF routing.
Read XDEF File: Time (s): cpu = 00:00:00.01 ; elapsed = 00:00:00.01 . Memory (MB): peak = 8040.730 ; gain = 0.000 ; free physical = 15344 ; free virtual = 41598
Restored from archive | CPU: 0.010000 secs | Memory: 0.101204 MB |
Finished XDEF File Restore: Time (s): cpu = 00:00:00.01 ; elapsed = 00:00:00.01 . Memory (MB): peak = 8040.730 ; gain = 0.000 ; free physical = 15344 ; free virtual = 41598
Netlist sorting complete. Time (s): cpu = 00:00:00 ; elapsed = 00:00:00 . Memory (MB): peak = 8040.730 ; gain = 0.000 ; free physical = 15344 ; free virtual = 41598
INFO: [Project 1-111] Unisim Transformation Summary:
No Unisim elements were transformed.

open_run: Time (s): cpu = 00:00:12 ; elapsed = 00:00:09 . Memory (MB): peak = 8277.914 ; gain = 903.137 ; free physical = 15176 ; free virtual = 41433
reset_run synth_1
launch_runs synth_1 -jobs 4
[Mon Oct 23 12:27:38 2023] Launched synth_1...
Run output will be captured here: /home/tjfriedl/Desktop/cpre_487/lab3/cpre487-587-lab3-main/hw/staged_mac/vivado/tc_staged_mac/tc_staged_mac.runs/synth_1/runme.log
close_design
launch_runs impl_1 -jobs 4
[Mon Oct 23 12:28:30 2023] Launched impl_1...
Run output will be captured here: /home/tjfriedl/Desktop/cpre_487/lab3/cpre487-587-lab3-main/hw/staged_mac/vivado/tc_staged_mac/tc_staged_mac.runs/impl_1/runme.log
open_run impl_1
Netlist sorting complete. Time (s): cpu = 00:00:00 ; elapsed = 00:00:00 . Memory (MB): peak = 8314.793 ; gain = 0.000 ; free physical = 13601 ; free virtual = 39868
INFO: [Project 1-479] Netlist was created with Vivado 2020.1
INFO: [Project 1-570] Preparing netlist for logic optimization
INFO: [Timing 38-478] Restoring timing data from binary archive.
INFO: [Timing 38-479] Binary timing data restore complete.
INFO: [Project 1-856] Restoring constraints from binary archive.
INFO: [Project 1-853] Binary constraint restore complete.
Reading XDEF placement.
Reading placer database...
Reading XDEF routing.
Read XDEF File: Time (s): cpu = 00:00:00.01 ; elapsed = 00:00:00.01 . Memory (MB): peak = 8314.793 ; gain = 0.000 ; free physical = 13464 ; free virtual = 39731
Restored from archive | CPU: 0.010000 secs | Memory: 0.100792 MB |
Finished XDEF File Restore: Time (s): cpu = 00:00:00.01 ; elapsed = 00:00:00.01 . Memory (MB): peak = 8314.793 ; gain = 0.000 ; free physical = 13464 ; free virtual = 39731
Netlist sorting complete. Time (s): cpu = 00:00:00 ; elapsed = 00:00:00 . Memory (MB): peak = 8314.793 ; gain = 0.000 ; free physical = 13464 ; free virtual = 39731
INFO: [Project 1-111] Unisim Transformation Summary:
No Unisim elements were transformed.

CRITICAL WARNING: [Timing 38-282] The design failed to meet the timing requirements. Please see the timing summary report for details on the timing violations.
save_constraints -force
reset_run synth_1
launch_runs synth_1 -jobs 4
[Mon Oct 23 12:33:30 2023] Launched synth_1...
Run output will be captured here: /home/tjfriedl/Desktop/cpre_487/lab3/cpre487-587-lab3-main/hw/staged_mac/vivado/tc_staged_mac/tc_staged_mac.runs/synth_1/runme.log
launch_runs impl_1 -jobs 4
[Mon Oct 23 12:34:15 2023] Launched impl_1...
Run output will be captured here: /home/tjfriedl/Desktop/cpre_487/lab3/cpre487-587-lab3-main/hw/staged_mac/vivado/tc_staged_mac/tc_staged_mac.runs/impl_1/runme.log
refresh_design
Netlist sorting complete. Time (s): cpu = 00:00:00 ; elapsed = 00:00:00 . Memory (MB): peak = 8389.828 ; gain = 0.000 ; free physical = 14932 ; free virtual = 41212
INFO: [Project 1-479] Netlist was created with Vivado 2020.1
INFO: [Project 1-570] Preparing netlist for logic optimization
INFO: [Timing 38-478] Restoring timing data from binary archive.
INFO: [Timing 38-479] Binary timing data restore complete.
INFO: [Project 1-856] Restoring constraints from binary archive.
INFO: [Project 1-853] Binary constraint restore complete.
Reading XDEF placement.
Reading placer database...
Reading XDEF routing.
Read XDEF File: Time (s): cpu = 00:00:00.01 ; elapsed = 00:00:00.02 . Memory (MB): peak = 8389.828 ; gain = 0.000 ; free physical = 14828 ; free virtual = 41108
Restored from archive | CPU: 0.010000 secs | Memory: 0.100815 MB |
Finished XDEF File Restore: Time (s): cpu = 00:00:00.01 ; elapsed = 00:00:00.02 . Memory (MB): peak = 8389.828 ; gain = 0.000 ; free physical = 14828 ; free virtual = 41108
reset_run synth_1
launch_runs synth_1 -jobs 20
[Mon Oct 23 12:36:09 2023] Launched synth_1...
Run output will be captured here: /home/tjfriedl/Desktop/cpre_487/lab3/cpre487-587-lab3-main/hw/staged_mac/vivado/tc_staged_mac/tc_staged_mac.runs/synth_1/runme.log
launch_runs impl_1 -jobs 20
[Mon Oct 23 12:36:54 2023] Launched impl_1...
Run output will be captured here: /home/tjfriedl/Desktop/cpre_487/lab3/cpre487-587-lab3-main/hw/staged_mac/vivado/tc_staged_mac/tc_staged_mac.runs/impl_1/runme.log
refresh_design
Netlist sorting complete. Time (s): cpu = 00:00:00 ; elapsed = 00:00:00 . Memory (MB): peak = 8390.828 ; gain = 0.000 ; free physical = 14737 ; free virtual = 41017
INFO: [Project 1-479] Netlist was created with Vivado 2020.1
INFO: [Project 1-570] Preparing netlist for logic optimization
INFO: [Timing 38-478] Restoring timing data from binary archive.
INFO: [Timing 38-479] Binary timing data restore complete.
INFO: [Project 1-856] Restoring constraints from binary archive.
INFO: [Project 1-853] Binary constraint restore complete.
Reading XDEF placement.
Reading placer database...
Reading XDEF routing.
Read XDEF File: Time (s): cpu = 00:00:00.01 ; elapsed = 00:00:00.01 . Memory (MB): peak = 8390.828 ; gain = 0.000 ; free physical = 14611 ; free virtual = 40891
Restored from archive | CPU: 0.010000 secs | Memory: 0.100792 MB |
Finished XDEF File Restore: Time (s): cpu = 00:00:00.01 ; elapsed = 00:00:00.01 . Memory (MB): peak = 8390.828 ; gain = 0.000 ; free physical = 14611 ; free virtual = 40891
ERROR: [Constraints 18-429] create_clock: name or pin(s)/port(s) list must be specified.
save_constraints -force
reset_run synth_1
launch_runs synth_1 -jobs 20
[Mon Oct 23 13:03:06 2023] Launched synth_1...
Run output will be captured here: /home/tjfriedl/Desktop/cpre_487/lab3/cpre487-587-lab3-main/hw/staged_mac/vivado/tc_staged_mac/tc_staged_mac.runs/synth_1/runme.log
launch_runs impl_1 -jobs 20
[Mon Oct 23 13:03:50 2023] Launched impl_1...
Run output will be captured here: /home/tjfriedl/Desktop/cpre_487/lab3/cpre487-587-lab3-main/hw/staged_mac/vivado/tc_staged_mac/tc_staged_mac.runs/impl_1/runme.log
refresh_design
Netlist sorting complete. Time (s): cpu = 00:00:00 ; elapsed = 00:00:00.01 . Memory (MB): peak = 8400.832 ; gain = 0.000 ; free physical = 12998 ; free virtual = 39366
INFO: [Netlist 29-17] Analyzing 32 Unisim elements for replacement
INFO: [Netlist 29-28] Unisim Transformation completed in 0 CPU seconds
INFO: [Project 1-479] Netlist was created with Vivado 2020.1
INFO: [Project 1-570] Preparing netlist for logic optimization
INFO: [Timing 38-478] Restoring timing data from binary archive.
INFO: [Timing 38-479] Binary timing data restore complete.
INFO: [Project 1-856] Restoring constraints from binary archive.
INFO: [Project 1-853] Binary constraint restore complete.
Reading XDEF placement.
Reading placer database...
Reading XDEF routing.
Read XDEF File: Time (s): cpu = 00:00:00.02 ; elapsed = 00:00:00.02 . Memory (MB): peak = 8400.832 ; gain = 0.000 ; free physical = 12911 ; free virtual = 39278
Restored from archive | CPU: 0.020000 secs | Memory: 0.693260 MB |
Finished XDEF File Restore: Time (s): cpu = 00:00:00.02 ; elapsed = 00:00:00.02 . Memory (MB): peak = 8400.832 ; gain = 0.000 ; free physical = 12911 ; free virtual = 39278
